[0.010s] Invoking command in '/root/ros_ws/build/cpp_pubsub': CMAKE_PREFIX_PATH=${CMAKE_PREFIX_PATH}:/root/optitrack_ws/install/mocap4r2cli:/opt/ros/jazzy /usr/bin/cmake /root/ros_ws/cpp_pubsub -DCMAKE_INSTALL_PREFIX=/root/ros_ws/install/cpp_pubsub
[0.079s] -- The C compiler identification is GNU 13.3.0
[0.115s] -- The CXX compiler identification is GNU 13.3.0
[0.138s] -- Detecting C compiler ABI info
[0.224s] -- Detecting C compiler ABI info - done
[0.231s] -- Check for working C compiler: /usr/bin/cc - skipped
[0.231s] -- Detecting C compile features
[0.231s] -- Detecting C compile features - done
[0.240s] -- Detecting CXX compiler ABI info
[0.330s] -- Detecting CXX compiler ABI info - done
[0.336s] -- Check for working CXX compiler: /usr/bin/c++ - skipped
[0.336s] -- Detecting CXX compile features
[0.336s] -- Detecting CXX compile features - done
[0.342s] -- Found ament_cmake: 2.5.4 (/opt/ros/jazzy/share/ament_cmake/cmake)
[0.477s] -- Found Python3: /usr/bin/python3 (found version "3.12.3") found components: Interpreter 
[0.603s] -- Found rclcpp: 28.1.10 (/opt/ros/jazzy/share/rclcpp/cmake)
[0.671s] -- Found rosidl_generator_c: 4.6.5 (/opt/ros/jazzy/share/rosidl_generator_c/cmake)
[0.689s] -- Found rosidl_generator_cpp: 4.6.5 (/opt/ros/jazzy/share/rosidl_generator_cpp/cmake)
[0.709s] -- Using all available rosidl_typesupport_c: rosidl_typesupport_fastrtps_c;rosidl_typesupport_introspection_c
[0.746s] -- Using all available rosidl_typesupport_cpp: rosidl_typesupport_fastrtps_cpp;rosidl_typesupport_introspection_cpp
[0.836s] -- Found rmw_implementation_cmake: 7.3.2 (/opt/ros/jazzy/share/rmw_implementation_cmake/cmake)
[0.843s] -- Found rmw_cyclonedds_cpp: 2.2.3 (/opt/ros/jazzy/share/rmw_cyclonedds_cpp/cmake)
[0.880s] -- Using RMW implementation 'rmw_cyclonedds_cpp' as default
[0.945s] -- Found std_msgs: 5.3.6 (/opt/ros/jazzy/share/std_msgs/cmake)
[1.011s] -- Configuring done (1.0s)
[1.021s] -- Generating done (0.0s)
[1.025s] -- Build files have been written to: /root/ros_ws/build/cpp_pubsub
[1.031s] Invoked command in '/root/ros_ws/build/cpp_pubsub' returned '0': CMAKE_PREFIX_PATH=${CMAKE_PREFIX_PATH}:/root/optitrack_ws/install/mocap4r2cli:/opt/ros/jazzy /usr/bin/cmake /root/ros_ws/cpp_pubsub -DCMAKE_INSTALL_PREFIX=/root/ros_ws/install/cpp_pubsub
[1.033s] Invoking command in '/root/ros_ws/build/cpp_pubsub': CMAKE_PREFIX_PATH=${CMAKE_PREFIX_PATH}:/root/optitrack_ws/install/mocap4r2cli:/opt/ros/jazzy /usr/bin/cmake --build /root/ros_ws/build/cpp_pubsub -- -j14 -l14
[1.080s] [ 50%] [32mBuilding CXX object CMakeFiles/listener.dir/src/subscriber_lambda_function.cpp.o[0m
[1.080s] [ 50%] [32mBuilding CXX object CMakeFiles/talker.dir/src/publisher_lambda_function.cpp.o[0m
[3.760s] [ 75%] [32m[1mLinking CXX executable talker[0m
[3.882s] [ 75%] Built target talker
[5.788s] [100%] [32m[1mLinking CXX executable listener[0m
[5.959s] [100%] Built target listener
[5.969s] Invoked command in '/root/ros_ws/build/cpp_pubsub' returned '0': CMAKE_PREFIX_PATH=${CMAKE_PREFIX_PATH}:/root/optitrack_ws/install/mocap4r2cli:/opt/ros/jazzy /usr/bin/cmake --build /root/ros_ws/build/cpp_pubsub -- -j14 -l14
[5.977s] Invoking command in '/root/ros_ws/build/cpp_pubsub': CMAKE_PREFIX_PATH=${CMAKE_PREFIX_PATH}:/root/optitrack_ws/install/mocap4r2cli:/opt/ros/jazzy /usr/bin/cmake --install /root/ros_ws/build/cpp_pubsub
[5.987s] -- Install configuration: ""
[5.987s] -- Installing: /root/ros_ws/install/cpp_pubsub/lib/cpp_pubsub/talker
[5.988s] -- Set non-toolchain portion of runtime path of "/root/ros_ws/install/cpp_pubsub/lib/cpp_pubsub/talker" to ""
[5.988s] -- Up-to-date: /root/ros_ws/install/cpp_pubsub/lib/cpp_pubsub/talker
[5.988s] -- Installing: /root/ros_ws/install/cpp_pubsub/lib/cpp_pubsub/listener
[5.990s] -- Set non-toolchain portion of runtime path of "/root/ros_ws/install/cpp_pubsub/lib/cpp_pubsub/listener" to ""
[5.990s] -- Installing: /root/ros_ws/install/cpp_pubsub/share/ament_index/resource_index/package_run_dependencies/cpp_pubsub
[5.991s] -- Installing: /root/ros_ws/install/cpp_pubsub/share/ament_index/resource_index/parent_prefix_path/cpp_pubsub
[5.991s] -- Installing: /root/ros_ws/install/cpp_pubsub/share/cpp_pubsub/environment/ament_prefix_path.sh
[5.991s] -- Installing: /root/ros_ws/install/cpp_pubsub/share/cpp_pubsub/environment/ament_prefix_path.dsv
[5.991s] -- Installing: /root/ros_ws/install/cpp_pubsub/share/cpp_pubsub/environment/path.sh
[5.991s] -- Installing: /root/ros_ws/install/cpp_pubsub/share/cpp_pubsub/environment/path.dsv
[5.991s] -- Installing: /root/ros_ws/install/cpp_pubsub/share/cpp_pubsub/local_setup.bash
[5.991s] -- Installing: /root/ros_ws/install/cpp_pubsub/share/cpp_pubsub/local_setup.sh
[5.991s] -- Installing: /root/ros_ws/install/cpp_pubsub/share/cpp_pubsub/local_setup.zsh
[5.991s] -- Installing: /root/ros_ws/install/cpp_pubsub/share/cpp_pubsub/local_setup.dsv
[5.991s] -- Installing: /root/ros_ws/install/cpp_pubsub/share/cpp_pubsub/package.dsv
[5.991s] -- Installing: /root/ros_ws/install/cpp_pubsub/share/ament_index/resource_index/packages/cpp_pubsub
[5.991s] -- Installing: /root/ros_ws/install/cpp_pubsub/share/cpp_pubsub/cmake/cpp_pubsubConfig.cmake
[5.991s] -- Installing: /root/ros_ws/install/cpp_pubsub/share/cpp_pubsub/cmake/cpp_pubsubConfig-version.cmake
[5.991s] -- Installing: /root/ros_ws/install/cpp_pubsub/share/cpp_pubsub/package.xml
[5.992s] Invoked command in '/root/ros_ws/build/cpp_pubsub' returned '0': CMAKE_PREFIX_PATH=${CMAKE_PREFIX_PATH}:/root/optitrack_ws/install/mocap4r2cli:/opt/ros/jazzy /usr/bin/cmake --install /root/ros_ws/build/cpp_pubsub
